-------------------------------------------------------------------------------
Test set: com.runners.TestRunner
-------------------------------------------------------------------------------
Tests run: 1, Failures: 0, Errors: 1, Skipped: 0, Time elapsed: 0.158 s <<< FAILURE! - in com.runners.TestRunner
initializationError(com.runners.TestRunner)  Time elapsed: 0.035 s  <<< ERROR!
cucumber.runtime.CucumberException: Couldn't load plugin class: com.cucumber.listener.ExtentCucumberFormatter. It does not implement cucumber.api.Plugin

